::1 - - [10/Aug/2018:07:10:36 +0000] "GET / HTTP/1.1" 200 643
::1 - - [10/Aug/2018:07:10:36 +0000] "GET /static/css/main.65027555.css HTTP/1.1" 200 92
::1 - - [10/Aug/2018:07:10:37 +0000] "GET /static/js/main.3049414b.js HTTP/1.1" 200 -
::1 - - [10/Aug/2018:07:10:38 +0000] "GET /service-worker.js HTTP/1.1" 404 156
::1 - - [10/Aug/2018:07:10:38 +0000] "GET / HTTP/1.1" 304 -
::1 - - [10/Aug/2018:07:10:38 +0000] "GET /static/css/main.65027555.css HTTP/1.1" 304 -
::1 - - [10/Aug/2018:07:10:38 +0000] "GET /static/js/main.3049414b.js HTTP/1.1" 304 -
::1 - - [10/Aug/2018:07:10:39 +0000] "GET /service-worker.js HTTP/1.1" 404 156
::1 - - [10/Aug/2018:07:10:45 +0000] "GET / HTTP/1.1" 304 -
::1 - - [10/Aug/2018:07:10:45 +0000] "GET /static/css/main.65027555.css HTTP/1.1" 304 -
::1 - - [10/Aug/2018:07:10:45 +0000] "GET /static/js/main.3049414b.js HTTP/1.1" 304 -
::1 - - [10/Aug/2018:07:10:50 +0000] "GET /static/js/2.3320e9ea.chunk.js HTTP/1.1" 200 -
::1 - - [10/Aug/2018:07:10:52 +0000] "GET /static/js/main.3049414b.js HTTP/1.1" 304 -
::1 - - [10/Aug/2018:07:10:52 +0000] "GET /static/js/2.3320e9ea.chunk.js HTTP/1.1" 304 -
::1 - - [10/Aug/2018:07:10:53 +0000] "GET /service-worker.js HTTP/1.1" 404 156
::1 - - [10/Aug/2018:07:10:53 +0000] "GET /favicon.ico HTTP/1.1" 200 -
::1 - - [10/Aug/2018:07:10:54 +0000] "GET / HTTP/1.1" 304 -
::1 - - [10/Aug/2018:07:10:54 +0000] "GET /static/css/main.65027555.css HTTP/1.1" 304 -
::1 - - [10/Aug/2018:07:10:54 +0000] "GET /static/js/main.3049414b.js HTTP/1.1" 304 -
::1 - - [10/Aug/2018:07:10:55 +0000] "GET /static/js/2.3320e9ea.chunk.js HTTP/1.1" 304 -
::1 - - [10/Aug/2018:07:10:55 +0000] "GET /service-worker.js HTTP/1.1" 404 156
::1 - - [10/Aug/2018:07:10:55 +0000] "GET /favicon.ico HTTP/1.1" 200 -
::1 - - [10/Aug/2018:07:12:42 +0000] "GET / HTTP/1.1" 304 -
::1 - - [10/Aug/2018:07:12:42 +0000] "GET /static/css/main.65027555.css HTTP/1.1" 304 -
::1 - - [10/Aug/2018:07:12:42 +0000] "GET /static/js/main.3049414b.js HTTP/1.1" 304 -
::1 - - [10/Aug/2018:07:12:43 +0000] "GET /static/js/2.3320e9ea.chunk.js HTTP/1.1" 304 -
::1 - - [10/Aug/2018:07:12:43 +0000] "GET /service-worker.js HTTP/1.1" 404 156
::1 - - [10/Aug/2018:07:12:43 +0000] "GET /favicon.ico HTTP/1.1" 200 -
::1 - - [10/Aug/2018:10:08:25 +0000] "GET / HTTP/1.1" 200 604
::1 - - [10/Aug/2018:10:08:25 +0000] "GET /6thquake/seed/static/css/main.65027555.css HTTP/1.1" 404 181
::1 - - [10/Aug/2018:10:08:25 +0000] "GET /6thquake/seed/static/js/main.74210305.js HTTP/1.1" 404 179
::1 - - [10/Aug/2018:10:08:25 +0000] "GET /6thquake/seed/favicon.ico HTTP/1.1" 404 164
::1 - - [10/Aug/2018:10:08:35 +0000] "GET /6thquake/seed/static/css/main.65027555.css HTTP/1.1" 404 181
::1 - - [10/Aug/2018:10:09:45 +0000] "GET / HTTP/1.1" 200 604
::1 - - [10/Aug/2018:10:09:45 +0000] "GET /6thquake/seed/static/css/main.65027555.css HTTP/1.1" 404 181
::1 - - [10/Aug/2018:10:09:45 +0000] "GET /6thquake/seed/static/js/main.74210305.js HTTP/1.1" 404 179
::1 - - [10/Aug/2018:10:11:26 +0000] "GET / HTTP/1.1" 200 604
::1 - - [10/Aug/2018:10:11:26 +0000] "GET /6thquake/seed/static/css/main.65027555.css HTTP/1.1" 404 181
::1 - - [10/Aug/2018:10:11:26 +0000] "GET /6thquake/seed/static/js/main.74210305.js HTTP/1.1" 404 179
::1 - - [10/Aug/2018:10:26:22 +0000] "GET / HTTP/1.1" 304 -
::1 - - [10/Aug/2018:10:26:22 +0000] "GET /6thquake/seed/static/css/main.65027555.css HTTP/1.1" 404 181
::1 - - [10/Aug/2018:10:26:22 +0000] "GET /6thquake/seed/static/js/main.74210305.js HTTP/1.1" 404 179
::1 - - [10/Aug/2018:10:26:22 +0000] "GET /6thquake/seed/favicon.ico HTTP/1.1" 404 164
::1 - - [10/Aug/2018:10:26:26 +0000] "GET /6thquake/seed/static/css/main.65027555.css HTTP/1.1" 404 181
::1 - - [10/Aug/2018:10:28:00 +0000] "GET /favicon.ico HTTP/1.1" 200 -
::1 - - [10/Aug/2018:10:28:38 +0000] "GET / HTTP/1.1" 200 604
::1 - - [10/Aug/2018:10:28:38 +0000] "GET /6thquake/seed/static/css/main.65027555.css HTTP/1.1" 404 181
::1 - - [10/Aug/2018:10:28:38 +0000] "GET /6thquake/seed/static/js/main.74210305.js HTTP/1.1" 404 179
::1 - - [10/Aug/2018:10:28:51 +0000] "GET / HTTP/1.1" 200 604
::1 - - [10/Aug/2018:10:28:51 +0000] "GET /6thquake/seed/static/css/main.65027555.css HTTP/1.1" 404 181
::1 - - [10/Aug/2018:10:28:51 +0000] "GET /6thquake/seed/static/js/main.74210305.js HTTP/1.1" 404 179
::1 - - [10/Aug/2018:10:28:52 +0000] "GET / HTTP/1.1" 200 604
::1 - - [10/Aug/2018:10:28:52 +0000] "GET /6thquake/seed/static/css/main.65027555.css HTTP/1.1" 404 181
::1 - - [10/Aug/2018:10:28:52 +0000] "GET /6thquake/seed/static/js/main.74210305.js HTTP/1.1" 404 179
::1 - - [10/Aug/2018:10:28:52 +0000] "GET / HTTP/1.1" 200 604
::1 - - [10/Aug/2018:10:28:52 +0000] "GET /6thquake/seed/static/css/main.65027555.css HTTP/1.1" 404 181
::1 - - [10/Aug/2018:10:28:52 +0000] "GET /6thquake/seed/static/js/main.74210305.js HTTP/1.1" 404 179
::1 - - [10/Aug/2018:10:28:53 +0000] "GET / HTTP/1.1" 200 604
::1 - - [10/Aug/2018:10:28:53 +0000] "GET /6thquake/seed/static/css/main.65027555.css HTTP/1.1" 404 181
::1 - - [10/Aug/2018:10:28:53 +0000] "GET /6thquake/seed/static/js/main.74210305.js HTTP/1.1" 404 179
::1 - - [10/Aug/2018:10:28:53 +0000] "GET / HTTP/1.1" 200 604
::1 - - [10/Aug/2018:10:28:53 +0000] "GET /6thquake/seed/static/css/main.65027555.css HTTP/1.1" 404 181
::1 - - [10/Aug/2018:10:28:53 +0000] "GET /6thquake/seed/static/js/main.74210305.js HTTP/1.1" 404 179
::1 - - [10/Aug/2018:10:28:53 +0000] "GET / HTTP/1.1" 200 604
::1 - - [10/Aug/2018:10:28:53 +0000] "GET /6thquake/seed/static/css/main.65027555.css HTTP/1.1" 404 181
::1 - - [10/Aug/2018:10:28:53 +0000] "GET /6thquake/seed/static/js/main.74210305.js HTTP/1.1" 404 179
::1 - - [10/Aug/2018:10:28:54 +0000] "GET / HTTP/1.1" 200 604
::1 - - [10/Aug/2018:10:28:54 +0000] "GET /6thquake/seed/static/css/main.65027555.css HTTP/1.1" 404 181
::1 - - [10/Aug/2018:10:28:54 +0000] "GET /6thquake/seed/static/js/main.74210305.js HTTP/1.1" 404 179
::1 - - [10/Aug/2018:10:28:54 +0000] "GET / HTTP/1.1" 200 604
::1 - - [10/Aug/2018:10:28:54 +0000] "GET /6thquake/seed/static/css/main.65027555.css HTTP/1.1" 404 181
::1 - - [10/Aug/2018:10:28:54 +0000] "GET /6thquake/seed/static/js/main.74210305.js HTTP/1.1" 404 179
::1 - - [10/Aug/2018:10:28:54 +0000] "GET / HTTP/1.1" 200 604
::1 - - [10/Aug/2018:10:28:54 +0000] "GET /6thquake/seed/static/css/main.65027555.css HTTP/1.1" 404 181
::1 - - [10/Aug/2018:10:28:54 +0000] "GET /6thquake/seed/static/js/main.74210305.js HTTP/1.1" 404 179
::1 - - [10/Aug/2018:10:28:54 +0000] "GET / HTTP/1.1" 200 604
::1 - - [10/Aug/2018:10:28:54 +0000] "GET /6thquake/seed/static/css/main.65027555.css HTTP/1.1" 404 181
::1 - - [10/Aug/2018:10:28:54 +0000] "GET /6thquake/seed/static/js/main.74210305.js HTTP/1.1" 404 179
::1 - - [10/Aug/2018:10:28:55 +0000] "GET / HTTP/1.1" 200 604
::1 - - [10/Aug/2018:10:28:55 +0000] "GET /6thquake/seed/static/css/main.65027555.css HTTP/1.1" 404 181
::1 - - [10/Aug/2018:10:28:55 +0000] "GET /6thquake/seed/static/js/main.74210305.js HTTP/1.1" 404 179
::1 - - [10/Aug/2018:10:36:15 +0000] "GET / HTTP/1.1" 200 548
::1 - - [10/Aug/2018:10:36:15 +0000] "GET /static/css/main.65027555.css HTTP/1.1" 200 47
::1 - - [10/Aug/2018:10:36:15 +0000] "GET /static/js/main.9b916fe2.js HTTP/1.1" 200 -
::1 - - [10/Aug/2018:10:36:16 +0000] "GET /service-worker.js HTTP/1.1" 404 156
::1 - - [10/Aug/2018:10:37:23 +0000] "GET /static/css/main.65027555.css HTTP/1.1" 304 -
::1 - - [10/Aug/2018:10:37:27 +0000] "GET / HTTP/1.1" 200 548
::1 - - [10/Aug/2018:10:37:27 +0000] "GET /static/css/main.65027555.css HTTP/1.1" 200 47
::1 - - [10/Aug/2018:10:37:27 +0000] "GET /static/js/main.9b916fe2.js HTTP/1.1" 200 -
::1 - - [10/Aug/2018:10:37:28 +0000] "GET /service-worker.js HTTP/1.1" 404 156
